{"/home/dmitry-kazakov/projects/dk/localize/src/errors.ts": {"path":"/home/dmitry-kazakov/projects/dk/localize/src/errors.ts","statementMap":{"0":{"start":{"line":1,"column":13},"end":{"line":5,"column":11}}},"fnMap":{},"branchMap":{},"s":{"0":1},"f":{},"b":{}}
,"/home/dmitry-kazakov/projects/dk/localize/src/getLn.ts": {"path":"/home/dmitry-kazakov/projects/dk/localize/src/getLn.ts","statementMap":{"0":{"start":{"line":1,"column":0},"end":{"line":1,"column":34}},"1":{"start":{"line":2,"column":0},"end":{"line":2,"column":54}},"2":{"start":{"line":3,"column":0},"end":{"line":3,"column":58}},"3":{"start":{"line":4,"column":0},"end":{"line":4,"column":58}},"4":{"start":{"line":7,"column":35},"end":{"line":7,"column":67}},"5":{"start":{"line":14,"column":2},"end":{"line":16,"column":null}},"6":{"start":{"line":15,"column":4},"end":{"line":15,"column":82}},"7":{"start":{"line":18,"column":2},"end":{"line":20,"column":null}},"8":{"start":{"line":19,"column":4},"end":{"line":19,"column":83}},"9":{"start":{"line":22,"column":24},"end":{"line":22,"column":58}},"10":{"start":{"line":24,"column":13},"end":{"line":24,"column":73}},"11":{"start":{"line":26,"column":2},"end":{"line":30,"column":null}},"12":{"start":{"line":27,"column":4},"end":{"line":29,"column":7}},"13":{"start":{"line":28,"column":6},"end":{"line":28,"column":38}},"14":{"start":{"line":32,"column":2},"end":{"line":32,"column":14}},"15":{"start":{"line":9,"column":0},"end":{"line":9,"column":16}}},"fnMap":{"0":{"name":"getLn","decl":{"start":{"line":9,"column":16},"end":{"line":9,"column":21}},"loc":{"start":{"line":12,"column":21},"end":{"line":33,"column":1}}},"1":{"name":"(anonymous_1)","decl":{"start":{"line":27,"column":20},"end":{"line":27,"column":21}},"loc":{"start":{"line":27,"column":31},"end":{"line":29,"column":5}}}},"branchMap":{"0":{"loc":{"start":{"line":14,"column":2},"end":{"line":16,"column":null}},"type":"if","locations":[{"start":{"line":14,"column":2},"end":{"line":16,"column":null}},{"start":{"line":14,"column":2},"end":{"line":16,"column":null}}]},"1":{"loc":{"start":{"line":18,"column":2},"end":{"line":20,"column":null}},"type":"if","locations":[{"start":{"line":18,"column":2},"end":{"line":20,"column":null}},{"start":{"line":18,"column":2},"end":{"line":20,"column":null}}]},"2":{"loc":{"start":{"line":24,"column":13},"end":{"line":24,"column":73}},"type":"cond-expr","locations":[{"start":{"line":24,"column":37},"end":{"line":24,"column":57}},{"start":{"line":24,"column":60},"end":{"line":24,"column":73}}]},"3":{"loc":{"start":{"line":26,"column":2},"end":{"line":30,"column":null}},"type":"if","locations":[{"start":{"line":26,"column":2},"end":{"line":30,"column":null}},{"start":{"line":26,"column":2},"end":{"line":30,"column":null}}]},"4":{"loc":{"start":{"line":26,"column":6},"end":{"line":26,"column":37}},"type":"binary-expr","locations":[{"start":{"line":26,"column":6},"end":{"line":26,"column":12}},{"start":{"line":26,"column":16},"end":{"line":26,"column":37}}]}},"s":{"0":1,"1":1,"2":1,"3":1,"4":1,"5":8,"6":3,"7":5,"8":2,"9":3,"10":3,"11":3,"12":1,"13":2,"14":3,"15":1},"f":{"0":8,"1":2},"b":{"0":[3,5],"1":[2,3],"2":[2,1],"3":[1,2],"4":[3,1]}}
,"/home/dmitry-kazakov/projects/dk/localize/src/wrapMessages.ts": {"path":"/home/dmitry-kazakov/projects/dk/localize/src/wrapMessages.ts","statementMap":{"0":{"start":{"line":1,"column":0},"end":{"line":1,"column":34}},"1":{"start":{"line":3,"column":0},"end":{"line":3,"column":54}},"2":{"start":{"line":9,"column":2},"end":{"line":11,"column":null}},"3":{"start":{"line":10,"column":4},"end":{"line":10,"column":85}},"4":{"start":{"line":13,"column":2},"end":{"line":15,"column":null}},"5":{"start":{"line":14,"column":4},"end":{"line":14,"column":89}},"6":{"start":{"line":17,"column":49},"end":{"line":17,"column":58}},"7":{"start":{"line":18,"column":28},"end":{"line":18,"column":69}},"8":{"start":{"line":21,"column":2},"end":{"line":26,"column":null}},"9":{"start":{"line":22,"column":4},"end":{"line":25,"column":6}},"10":{"start":{"line":28,"column":2},"end":{"line":28,"column":18}},"11":{"start":{"line":5,"column":0},"end":{"line":5,"column":16}}},"fnMap":{"0":{"name":"wrapMessages","decl":{"start":{"line":5,"column":16},"end":{"line":5,"column":28}},"loc":{"start":{"line":7,"column":8},"end":{"line":29,"column":1}}}},"branchMap":{"0":{"loc":{"start":{"line":9,"column":2},"end":{"line":11,"column":null}},"type":"if","locations":[{"start":{"line":9,"column":2},"end":{"line":11,"column":null}},{"start":{"line":9,"column":2},"end":{"line":11,"column":null}}]},"1":{"loc":{"start":{"line":9,"column":6},"end":{"line":9,"column":45}},"type":"binary-expr","locations":[{"start":{"line":9,"column":6},"end":{"line":9,"column":33}},{"start":{"line":9,"column":37},"end":{"line":9,"column":45}}]},"2":{"loc":{"start":{"line":13,"column":2},"end":{"line":15,"column":null}},"type":"if","locations":[{"start":{"line":13,"column":2},"end":{"line":15,"column":null}},{"start":{"line":13,"column":2},"end":{"line":15,"column":null}}]},"3":{"loc":{"start":{"line":13,"column":6},"end":{"line":13,"column":33}},"type":"binary-expr","locations":[{"start":{"line":13,"column":6},"end":{"line":13,"column":10}},{"start":{"line":13,"column":14},"end":{"line":13,"column":33}}]}},"s":{"0":1,"1":1,"2":4,"3":2,"4":2,"5":1,"6":1,"7":1,"8":1,"9":1,"10":1,"11":1},"f":{"0":4},"b":{"0":[2,2],"1":[4,3],"2":[1,1],"3":[2,1]}}
,"/home/dmitry-kazakov/projects/dk/localize/src/plugins/replaceDynamic.ts": {"path":"/home/dmitry-kazakov/projects/dk/localize/src/plugins/replaceDynamic.ts","statementMap":{"0":{"start":{"line":2,"column":0},"end":{"line":2,"column":59}},"1":{"start":{"line":4,"column":42},"end":{"line":14,"column":1}},"2":{"start":{"line":5,"column":23},"end":{"line":5,"column":27}},"3":{"start":{"line":7,"column":2},"end":{"line":11,"column":5}},"4":{"start":{"line":8,"column":4},"end":{"line":8,"column":30}},"5":{"start":{"line":8,"column":23},"end":{"line":8,"column":30}},"6":{"start":{"line":10,"column":4},"end":{"line":10,"column":80}},"7":{"start":{"line":13,"column":2},"end":{"line":13,"column":24}},"8":{"start":{"line":4,"column":13},"end":{"line":4,"column":42}}},"fnMap":{"0":{"name":"(anonymous_0)","decl":{"start":{"line":4,"column":42},"end":{"line":4,"column":43}},"loc":{"start":{"line":4,"column":63},"end":{"line":14,"column":1}}},"1":{"name":"(anonymous_1)","decl":{"start":{"line":7,"column":34},"end":{"line":7,"column":35}},"loc":{"start":{"line":7,"column":57},"end":{"line":11,"column":3}}}},"branchMap":{"0":{"loc":{"start":{"line":8,"column":4},"end":{"line":8,"column":30}},"type":"if","locations":[{"start":{"line":8,"column":4},"end":{"line":8,"column":30}},{"start":{"line":8,"column":4},"end":{"line":8,"column":30}}]}},"s":{"0":1,"1":1,"2":6,"3":6,"4":19,"5":1,"6":18,"7":6,"8":1},"f":{"0":6,"1":19},"b":{"0":[1,18]}}
,"/home/dmitry-kazakov/projects/dk/localize/src/plugins/replacePlurals.ts": {"path":"/home/dmitry-kazakov/projects/dk/localize/src/plugins/replacePlurals.ts","statementMap":{"0":{"start":{"line":2,"column":0},"end":{"line":2,"column":59}},"1":{"start":{"line":4,"column":42},"end":{"line":17,"column":1}},"2":{"start":{"line":5,"column":24},"end":{"line":5,"column":28}},"3":{"start":{"line":7,"column":2},"end":{"line":14,"column":5}},"4":{"start":{"line":8,"column":4},"end":{"line":8,"column":30}},"5":{"start":{"line":8,"column":23},"end":{"line":8,"column":30}},"6":{"start":{"line":10,"column":4},"end":{"line":13,"column":6}},"7":{"start":{"line":16,"column":2},"end":{"line":16,"column":25}},"8":{"start":{"line":4,"column":13},"end":{"line":4,"column":42}}},"fnMap":{"0":{"name":"(anonymous_0)","decl":{"start":{"line":4,"column":42},"end":{"line":4,"column":43}},"loc":{"start":{"line":4,"column":63},"end":{"line":17,"column":1}}},"1":{"name":"(anonymous_1)","decl":{"start":{"line":7,"column":34},"end":{"line":7,"column":35}},"loc":{"start":{"line":7,"column":57},"end":{"line":14,"column":3}}}},"branchMap":{"0":{"loc":{"start":{"line":8,"column":4},"end":{"line":8,"column":30}},"type":"if","locations":[{"start":{"line":8,"column":4},"end":{"line":8,"column":30}},{"start":{"line":8,"column":4},"end":{"line":8,"column":30}}]},"1":{"loc":{"start":{"line":12,"column":6},"end":{"line":12,"column":31}},"type":"cond-expr","locations":[{"start":{"line":12,"column":20},"end":{"line":12,"column":24}},{"start":{"line":12,"column":27},"end":{"line":12,"column":31}}]}},"s":{"0":1,"1":1,"2":9,"3":9,"4":19,"5":1,"6":18,"7":9,"8":1},"f":{"0":9,"1":19},"b":{"0":[1,18],"1":[4,14]}}
,"/home/dmitry-kazakov/projects/dk/localize/src/utils/getTypedEntries.ts": {"path":"/home/dmitry-kazakov/projects/dk/localize/src/utils/getTypedEntries.ts","statementMap":{"0":{"start":{"line":7,"column":13},"end":{"line":9,"column":20}}},"fnMap":{},"branchMap":{},"s":{"0":1},"f":{},"b":{}}
,"/home/dmitry-kazakov/projects/dk/localize/src/utils/isPlainObject.ts": {"path":"/home/dmitry-kazakov/projects/dk/localize/src/utils/isPlainObject.ts","statementMap":{"0":{"start":{"line":2,"column":2},"end":{"line":2,"column":65}},"1":{"start":{"line":6,"column":2},"end":{"line":6,"column":42}},"2":{"start":{"line":6,"column":29},"end":{"line":6,"column":42}},"3":{"start":{"line":9,"column":15},"end":{"line":9,"column":28}},"4":{"start":{"line":11,"column":2},"end":{"line":11,"column":38}},"5":{"start":{"line":11,"column":26},"end":{"line":11,"column":38}},"6":{"start":{"line":14,"column":15},"end":{"line":14,"column":29}},"7":{"start":{"line":16,"column":2},"end":{"line":16,"column":45}},"8":{"start":{"line":16,"column":32},"end":{"line":16,"column":45}},"9":{"start":{"line":19,"column":2},"end":{"line":21,"column":null}},"10":{"start":{"line":20,"column":4},"end":{"line":20,"column":17}},"11":{"start":{"line":24,"column":2},"end":{"line":24,"column":14}},"12":{"start":{"line":5,"column":0},"end":{"line":5,"column":16}}},"fnMap":{"0":{"name":"isObject","decl":{"start":{"line":1,"column":9},"end":{"line":1,"column":17}},"loc":{"start":{"line":1,"column":24},"end":{"line":3,"column":1}}},"1":{"name":"isPlainObject","decl":{"start":{"line":5,"column":16},"end":{"line":5,"column":29}},"loc":{"start":{"line":5,"column":36},"end":{"line":25,"column":1}}}},"branchMap":{"0":{"loc":{"start":{"line":6,"column":2},"end":{"line":6,"column":42}},"type":"if","locations":[{"start":{"line":6,"column":2},"end":{"line":6,"column":42}},{"start":{"line":6,"column":2},"end":{"line":6,"column":42}}]},"1":{"loc":{"start":{"line":11,"column":2},"end":{"line":11,"column":38}},"type":"if","locations":[{"start":{"line":11,"column":2},"end":{"line":11,"column":38}},{"start":{"line":11,"column":2},"end":{"line":11,"column":38}}]},"2":{"loc":{"start":{"line":16,"column":2},"end":{"line":16,"column":45}},"type":"if","locations":[{"start":{"line":16,"column":2},"end":{"line":16,"column":45}},{"start":{"line":16,"column":2},"end":{"line":16,"column":45}}]},"3":{"loc":{"start":{"line":19,"column":2},"end":{"line":21,"column":null}},"type":"if","locations":[{"start":{"line":19,"column":2},"end":{"line":21,"column":null}},{"start":{"line":19,"column":2},"end":{"line":21,"column":null}}]}},"s":{"0":21,"1":14,"2":6,"3":8,"4":8,"5":1,"6":7,"7":7,"8":0,"9":7,"10":1,"11":6,"12":1},"f":{"0":21,"1":14},"b":{"0":[6,8],"1":[1,7],"2":[0,7],"3":[1,6]}}
}
